<?xml version="1.0" encoding="UTF-8"?>
<!-- Generated by org.testng.reporters.JUnitReportReporter -->
<testsuite hostname="DESKTOP-SJEQSC9" failures="0" tests="1" name="com.slinkr.testscript.scrapePerson" time="75.395" errors="0" timestamp="2024-03-11T14:01:22 IST" skipped="0">
  <testcase classname="com.slinkr.testscript.scrapePerson" name="OneEndToEndSlinkrPerson" time="75.395"/>
  <system-out/>
</testsuite> <!-- com.slinkr.testscript.scrapePerson -->
