<?xml version="1.0" encoding="UTF-8"?>
<!-- Generated by org.testng.reporters.JUnitReportReporter -->
<testsuite hostname="DESKTOP-SJEQSC9" failures="0" tests="1" name="com.trello.testscript.CreateAndDeleteBoard" time="18.207" errors="0" timestamp="2024-03-11T17:47:08 IST" skipped="0">
  <testcase classname="com.trello.testscript.CreateAndDeleteBoard" name="OneEndToEndUponTrello" time="18.207"/>
  <system-out/>
</testsuite> <!-- com.trello.testscript.CreateAndDeleteBoard -->
